2024/10/20 8:57:44|Information|ClassIsland.App|ClassIsland 1.5.0.3-Griseo-af0cf67(HEAD) (Core 1.4.0.0)
2024/10/20 8:57:44|Information|ClassIsland.Services.SettingsService|加载配置文件。
2024/10/20 8:57:44|Information|ClassIsland.Services.SettingsService|写入配置文件：DiagnosticStartupCount
2024/10/20 8:57:44|Information|ClassIsland.App|初始化应用。
2024/10/20 8:57:45|Information|ClassIsland.Services.SettingsService|写入配置文件：UpdateArtifactHash
2024/10/20 8:57:45|Information|ClassIsland.Services.AppUpdating.UpdateService|正在检查应用更新。GitHub
2024/10/20 8:57:45|Information|ClassIsland.Services.ProfileService|加载档案中：./Profiles/Default.json
2024/10/20 8:57:45|Information|ClassIsland.Services.WeatherService|获取天气信息： https://weatherapi.market.xiaomi.com/wtr-v3/weather/all?latitude=110&longitude=112&locationKey=weathercn%3A101210101&days=15&appKey=weather20151024&sign=zUFJoAR2ZVrDy1vF3D07&isGlobal=false&locale=zh_cn
2024/10/20 8:57:45|Information|ClassIsland.Services.ExactTimeService|正在从 ntp.aliyun.com 同步时间
2024/10/20 8:57:45|Information|ClassIsland.Services.ExactTimeService|成功地同步了时间，现在是 10/20/2024 08:57:45
2024/10/20 8:57:45|Information|ClassIsland.Services.SettingsService|写入配置文件：LastTimeAdjustDateTime
2024/10/20 8:57:45|Information|ClassIsland.Services.WallpaperPickingService|正在提取壁纸主题色。
2024/10/20 8:57:45|Information|ClassIsland.Services.WallpaperPickingService|正在以兼容模式获取壁纸。
2024/10/20 8:57:45|Information|ClassIsland.Services.NotificationHostService|注册提醒提供方：08f0d9c3-c770-4093-a3d0-02f3d90c24bc（上课提醒）
2024/10/20 8:57:45|Information|ClassIsland.Services.NotificationHostService|获取提醒提供方设置：08f0d9c3-c770-4093-a3d0-02f3d90c24bc
2024/10/20 8:57:45|Information|ClassIsland.Services.NotificationHostService|注册提醒提供方：8fbc3a26-6d20-44dd-b895-b9411e3ddc51（放学提醒）
2024/10/20 8:57:45|Information|ClassIsland.Services.NotificationHostService|获取提醒提供方设置：8fbc3a26-6d20-44dd-b895-b9411e3ddc51
2024/10/20 8:57:45|Information|ClassIsland.Services.NotificationHostService|注册提醒提供方：7625de96-38aa-4b71-b478-3f156dd9458d（天气预警）
2024/10/20 8:57:45|Information|ClassIsland.Services.NotificationHostService|获取提醒提供方设置：7625de96-38aa-4b71-b478-3f156dd9458d
2024/10/20 8:57:45|Information|ClassIsland.Services.PluginMarketService|正在加载插件源
2024/10/20 8:57:45|Information|ClassIsland.Services.SettingsService|写入配置文件：OfficialIndexMirrors
2024/10/20 8:57:45|Information|ClassIsland.App|正在初始化MainWindow。
2024/10/20 8:57:45|Information|ClassIsland.Services.SpeechService.EdgeTtsService|初始化了EdgeTTS服务。
2024/10/20 8:57:46|Information|ClassIsland.Services.ThemeService|设置主题：MaterialDesignThemes.Wpf.Theme
2024/10/20 8:57:47|Information|ClassIsland.Services.DiagnosticService|启动共花费 3183ms, [2, 4)
2024/10/20 8:57:47|Information|ClassIsland.Services.SettingsService|写入配置文件：LastWeatherInfo
2024/10/20 8:57:47|Information|ClassIsland.Services.SettingsService|写入配置文件：ClassIsland.MainWindow 的 SaveSettings()
2024/10/20 8:57:47|Information|ClassIsland.Services.SettingsService|写入配置文件：UpdateArtifactHash
2024/10/20 8:57:47|Information|ClassIsland.Services.SettingsService|写入配置文件：ClassIsland.MainWindow 的 SaveSettings()
2024/10/20 8:57:47|Information|ClassIsland.Services.SettingsService|写入配置文件：LastCheckUpdateInfoCacheGitHub
2024/10/20 8:57:47|Information|ClassIsland.Services.SettingsService|写入配置文件：ClassIsland.MainWindow 的 SaveSettings()
2024/10/20 8:57:47|Information|ClassIsland.Services.SettingsService|写入配置文件：LastCheckUpdateTime
2024/10/20 8:57:47|Information|ClassIsland.Services.SettingsService|写入配置文件：ClassIsland.MainWindow 的 SaveSettings()
2024/10/20 8:58:45|Information|ClassIsland.Services.MemoryWatchDogService|当前内存使用: 249184256
2024/10/20 8:59:45|Information|ClassIsland.Services.MemoryWatchDogService|当前内存使用: 245555200
2024/10/20 9:00:45|Information|ClassIsland.Services.MemoryWatchDogService|当前内存使用: 245473280
2024/10/20 9:01:45|Information|ClassIsland.Services.MemoryWatchDogService|当前内存使用: 230383616
2024/10/20 9:02:45|Information|ClassIsland.Services.WeatherService|获取天气信息： https://weatherapi.market.xiaomi.com/wtr-v3/weather/all?latitude=110&longitude=112&locationKey=weathercn%3A101210101&days=15&appKey=weather20151024&sign=zUFJoAR2ZVrDy1vF3D07&isGlobal=false&locale=zh_cn
2024/10/20 9:02:45|Information|ClassIsland.Services.SettingsService|写入配置文件：LastWeatherInfo
2024/10/20 9:02:45|Information|ClassIsland.Services.SettingsService|写入配置文件：ClassIsland.MainWindow 的 SaveSettings()
2024/10/20 9:02:45|Information|ClassIsland.Services.MemoryWatchDogService|当前内存使用: 231534592
2024/10/20 9:03:45|Information|ClassIsland.Services.MemoryWatchDogService|当前内存使用: 270671872
2024/10/20 9:04:15|Information|ClassIsland.Services.LessonsService|发出上课事件。
2024/10/20 9:04:36|Information|ClassIsland.Services.LessonsService|发出上课事件。
2024/10/20 9:04:45|Information|ClassIsland.Services.MemoryWatchDogService|当前内存使用: 321138688
2024/10/20 9:05:03|Information|ClassIsland.Services.SettingsService|写入配置文件：WindowLayer
2024/10/20 9:05:03|Information|ClassIsland.Services.SettingsService|写入配置文件：ClassIsland.MainWindow 的 SaveSettings()
2024/10/20 9:05:45|Information|ClassIsland.Services.SettingsService|写入配置文件：ClassIsland.Views.SettingsWindowNew关闭
2024/10/20 9:05:45|Information|ClassIsland.Services.MemoryWatchDogService|当前内存使用: 402370560
2024/10/20 9:06:45|Information|ClassIsland.Services.MemoryWatchDogService|当前内存使用: 340107264
2024/10/20 9:07:45|Information|ClassIsland.Services.WeatherService|获取天气信息： https://weatherapi.market.xiaomi.com/wtr-v3/weather/all?latitude=110&longitude=112&locationKey=weathercn%3A101210101&days=15&appKey=weather20151024&sign=zUFJoAR2ZVrDy1vF3D07&isGlobal=false&locale=zh_cn
2024/10/20 9:07:45|Information|ClassIsland.Services.ExactTimeService|正在从 ntp.aliyun.com 同步时间
2024/10/20 9:07:45|Information|ClassIsland.Services.ExactTimeService|成功地同步了时间，现在是 10/20/2024 09:07:45
2024/10/20 9:07:45|Information|ClassIsland.Services.SettingsService|写入配置文件：LastWeatherInfo
2024/10/20 9:07:45|Information|ClassIsland.Services.SettingsService|写入配置文件：ClassIsland.MainWindow 的 SaveSettings()
2024/10/20 9:07:45|Information|ClassIsland.Services.MemoryWatchDogService|当前内存使用: 354258944
2024/10/20 9:08:32|Information|ClassIsland.Services.ProfileService|写入档案文件：./Profiles/Default.json
2024/10/20 9:08:45|Information|ClassIsland.Services.MemoryWatchDogService|当前内存使用: 352899072
2024/10/20 9:09:01|Information|ClassIsland.Services.ProfileService|写入档案文件：./Profiles/Default.json
2024/10/20 9:09:22|Information|ClassIsland.Services.ProfileService|写入档案文件：./Profiles/Default.json
2024/10/20 9:09:45|Information|ClassIsland.Services.MemoryWatchDogService|当前内存使用: 361451520
2024/10/20 9:10:45|Information|ClassIsland.Services.MemoryWatchDogService|当前内存使用: 349511680
2024/10/20 9:11:45|Information|ClassIsland.Services.MemoryWatchDogService|当前内存使用: 349253632
2024/10/20 9:12:45|Information|ClassIsland.Services.WeatherService|获取天气信息： https://weatherapi.market.xiaomi.com/wtr-v3/weather/all?latitude=110&longitude=112&locationKey=weathercn%3A101210101&days=15&appKey=weather20151024&sign=zUFJoAR2ZVrDy1vF3D07&isGlobal=false&locale=zh_cn
2024/10/20 9:12:45|Information|ClassIsland.Services.SettingsService|写入配置文件：LastWeatherInfo
2024/10/20 9:12:45|Information|ClassIsland.Services.SettingsService|写入配置文件：ClassIsland.MainWindow 的 SaveSettings()
2024/10/20 9:12:45|Information|ClassIsland.Services.MemoryWatchDogService|当前内存使用: 349462528
2024/10/20 9:13:45|Information|ClassIsland.Services.MemoryWatchDogService|当前内存使用: 355110912
2024/10/20 9:14:45|Information|ClassIsland.Services.MemoryWatchDogService|当前内存使用: 349769728
2024/10/20 9:15:45|Information|ClassIsland.Services.MemoryWatchDogService|当前内存使用: 350220288
2024/10/20 9:16:45|Information|ClassIsland.Services.MemoryWatchDogService|当前内存使用: 349216768
2024/10/20 9:17:45|Information|ClassIsland.Services.WeatherService|获取天气信息： https://weatherapi.market.xiaomi.com/wtr-v3/weather/all?latitude=110&longitude=112&locationKey=weathercn%3A101210101&days=15&appKey=weather20151024&sign=zUFJoAR2ZVrDy1vF3D07&isGlobal=false&locale=zh_cn
2024/10/20 9:17:45|Information|ClassIsland.Services.ExactTimeService|正在从 ntp.aliyun.com 同步时间
2024/10/20 9:17:45|Information|ClassIsland.Services.ExactTimeService|成功地同步了时间，现在是 10/20/2024 09:17:45
2024/10/20 9:17:45|Information|ClassIsland.Services.SettingsService|写入配置文件：LastWeatherInfo
2024/10/20 9:17:45|Information|ClassIsland.Services.SettingsService|写入配置文件：ClassIsland.MainWindow 的 SaveSettings()
2024/10/20 9:17:45|Information|ClassIsland.Services.MemoryWatchDogService|当前内存使用: 348942336
2024/10/20 9:18:45|Information|ClassIsland.Services.MemoryWatchDogService|当前内存使用: 351019008
2024/10/20 9:19:45|Information|ClassIsland.Services.MemoryWatchDogService|当前内存使用: 349126656
2024/10/20 9:20:45|Information|ClassIsland.Services.MemoryWatchDogService|当前内存使用: 350900224
2024/10/20 9:21:45|Information|ClassIsland.Services.MemoryWatchDogService|当前内存使用: 321417216
2024/10/20 9:22:45|Information|ClassIsland.Services.WeatherService|获取天气信息： https://weatherapi.market.xiaomi.com/wtr-v3/weather/all?latitude=110&longitude=112&locationKey=weathercn%3A101210101&days=15&appKey=weather20151024&sign=zUFJoAR2ZVrDy1vF3D07&isGlobal=false&locale=zh_cn
2024/10/20 9:22:45|Information|ClassIsland.Services.SettingsService|写入配置文件：LastWeatherInfo
2024/10/20 9:22:45|Information|ClassIsland.Services.SettingsService|写入配置文件：ClassIsland.MainWindow 的 SaveSettings()
2024/10/20 9:22:45|Information|ClassIsland.Services.MemoryWatchDogService|当前内存使用: 320253952
2024/10/20 9:23:45|Information|ClassIsland.Services.MemoryWatchDogService|当前内存使用: 321552384
2024/10/20 9:24:45|Information|ClassIsland.Services.MemoryWatchDogService|当前内存使用: 323137536
2024/10/20 9:25:45|Information|ClassIsland.Services.MemoryWatchDogService|当前内存使用: 322121728
2024/10/20 9:26:45|Information|ClassIsland.Services.MemoryWatchDogService|当前内存使用: 321142784
2024/10/20 9:27:45|Information|ClassIsland.Services.WeatherService|获取天气信息： https://weatherapi.market.xiaomi.com/wtr-v3/weather/all?latitude=110&longitude=112&locationKey=weathercn%3A101210101&days=15&appKey=weather20151024&sign=zUFJoAR2ZVrDy1vF3D07&isGlobal=false&locale=zh_cn
2024/10/20 9:27:45|Information|ClassIsland.Services.ExactTimeService|正在从 ntp.aliyun.com 同步时间
2024/10/20 9:27:45|Information|ClassIsland.Services.ExactTimeService|成功地同步了时间，现在是 10/20/2024 09:27:45
2024/10/20 9:27:45|Information|ClassIsland.Services.SettingsService|写入配置文件：LastWeatherInfo
2024/10/20 9:27:45|Information|ClassIsland.Services.SettingsService|写入配置文件：ClassIsland.MainWindow 的 SaveSettings()
2024/10/20 9:27:45|Information|ClassIsland.Services.MemoryWatchDogService|当前内存使用: 321949696
2024/10/20 9:28:45|Information|ClassIsland.Services.MemoryWatchDogService|当前内存使用: 320593920
2024/10/20 9:29:45|Information|ClassIsland.Services.MemoryWatchDogService|当前内存使用: 320659456
2024/10/20 9:30:45|Information|ClassIsland.Services.MemoryWatchDogService|当前内存使用: 320823296
2024/10/20 9:31:45|Information|ClassIsland.Services.MemoryWatchDogService|当前内存使用: 321810432
2024/10/20 9:32:45|Information|ClassIsland.Services.WeatherService|获取天气信息： https://weatherapi.market.xiaomi.com/wtr-v3/weather/all?latitude=110&longitude=112&locationKey=weathercn%3A101210101&days=15&appKey=weather20151024&sign=zUFJoAR2ZVrDy1vF3D07&isGlobal=false&locale=zh_cn
2024/10/20 9:32:45|Information|ClassIsland.Services.SettingsService|写入配置文件：LastWeatherInfo
2024/10/20 9:32:45|Information|ClassIsland.Services.SettingsService|写入配置文件：ClassIsland.MainWindow 的 SaveSettings()
2024/10/20 9:32:45|Information|ClassIsland.Services.MemoryWatchDogService|当前内存使用: 320987136
2024/10/20 9:33:45|Information|ClassIsland.Services.MemoryWatchDogService|当前内存使用: 349016064
2024/10/20 9:34:45|Information|ClassIsland.Services.MemoryWatchDogService|当前内存使用: 342142976
2024/10/20 9:35:35|Information|ClassIsland.Services.ProfileService|写入档案文件：./Profiles/Default.json
2024/10/20 9:35:45|Information|ClassIsland.Services.MemoryWatchDogService|当前内存使用: 350568448
2024/10/20 9:35:56|Information|ClassIsland.Services.ProfileService|写入档案文件：./Profiles/Default.json
2024/10/20 9:36:35|Information|ClassIsland.Services.ProfileService|写入档案文件：./Profiles/Default.json
2024/10/20 9:36:45|Information|ClassIsland.Services.MemoryWatchDogService|当前内存使用: 354942976
2024/10/20 9:37:13|Information|ClassIsland.Services.ProfileService|写入档案文件：./Profiles/Default.json
2024/10/20 9:37:38|Information|ClassIsland.Services.ProfileService|写入档案文件：./Profiles/Default.json
2024/10/20 9:37:45|Information|ClassIsland.Services.WeatherService|获取天气信息： https://weatherapi.market.xiaomi.com/wtr-v3/weather/all?latitude=110&longitude=112&locationKey=weathercn%3A101210101&days=15&appKey=weather20151024&sign=zUFJoAR2ZVrDy1vF3D07&isGlobal=false&locale=zh_cn
2024/10/20 9:37:45|Information|ClassIsland.Services.ExactTimeService|正在从 ntp.aliyun.com 同步时间
2024/10/20 9:37:45|Information|ClassIsland.Services.ExactTimeService|成功地同步了时间，现在是 10/20/2024 09:37:45
2024/10/20 9:37:45|Information|ClassIsland.Services.SettingsService|写入配置文件：LastWeatherInfo
2024/10/20 9:37:45|Information|ClassIsland.Services.SettingsService|写入配置文件：ClassIsland.MainWindow 的 SaveSettings()
2024/10/20 9:37:45|Information|ClassIsland.Services.MemoryWatchDogService|当前内存使用: 358133760
2024/10/20 9:37:57|Information|ClassIsland.Services.ProfileService|写入档案文件：./Profiles/Default.json
2024/10/20 9:38:45|Information|ClassIsland.Services.MemoryWatchDogService|当前内存使用: 352493568
2024/10/20 9:39:45|Information|ClassIsland.Services.MemoryWatchDogService|当前内存使用: 352960512
2024/10/20 9:40:00|Information|ClassIsland.Services.LessonsService|发出下课事件。
2024/10/20 9:40:00|Information|ClassIsland.Services.NotificationHostService|请求来源：08f0d9c3-c770-4093-a3d0-02f3d90c24bc
2024/10/20 9:40:00|Information|ClassIsland.MainWindow|处理通知请求：ClassIsland.Controls.NotificationProviders.ClassNotificationProviderControl ClassIsland.Controls.NotificationProviders.ClassNotificationProviderControl
2024/10/20 9:40:00|Information|ClassIsland.Views.TopmostEffectWindow|播放顶层特效：ClassIsland.Controls.NotificationEffects.RippleEffect
2024/10/20 9:40:00|Information|ClassIsland.Views.TopmostEffectWindow|结束播放并移除顶层特效：ClassIsland.Controls.NotificationEffects.RippleEffect
2024/10/20 9:40:45|Information|ClassIsland.Services.MemoryWatchDogService|当前内存使用: 394403840
2024/10/20 9:41:45|Information|ClassIsland.Services.MemoryWatchDogService|当前内存使用: 356429824
2024/10/20 9:42:45|Information|ClassIsland.Services.WeatherService|获取天气信息： https://weatherapi.market.xiaomi.com/wtr-v3/weather/all?latitude=110&longitude=112&locationKey=weathercn%3A101210101&days=15&appKey=weather20151024&sign=zUFJoAR2ZVrDy1vF3D07&isGlobal=false&locale=zh_cn
2024/10/20 9:42:45|Information|ClassIsland.Services.SettingsService|写入配置文件：LastWeatherInfo
2024/10/20 9:42:45|Information|ClassIsland.Services.SettingsService|写入配置文件：ClassIsland.MainWindow 的 SaveSettings()
2024/10/20 9:42:45|Information|ClassIsland.Services.MemoryWatchDogService|当前内存使用: 356270080
2024/10/20 9:43:45|Information|ClassIsland.Services.MemoryWatchDogService|当前内存使用: 368009216
2024/10/20 9:44:05|Information|ClassIsland.Services.ProfileService|写入档案文件：./Profiles/Default.json
2024/10/20 9:44:45|Information|ClassIsland.Services.MemoryWatchDogService|当前内存使用: 364175360
2024/10/20 9:45:45|Information|ClassIsland.Services.MemoryWatchDogService|当前内存使用: 363282432
2024/10/20 9:46:45|Information|ClassIsland.Services.MemoryWatchDogService|当前内存使用: 363352064
2024/10/20 9:47:45|Information|ClassIsland.Services.WeatherService|获取天气信息： https://weatherapi.market.xiaomi.com/wtr-v3/weather/all?latitude=110&longitude=112&locationKey=weathercn%3A101210101&days=15&appKey=weather20151024&sign=zUFJoAR2ZVrDy1vF3D07&isGlobal=false&locale=zh_cn
2024/10/20 9:47:45|Information|ClassIsland.Services.ExactTimeService|正在从 ntp.aliyun.com 同步时间
2024/10/20 9:47:45|Information|ClassIsland.Services.ExactTimeService|成功地同步了时间，现在是 10/20/2024 09:47:45
2024/10/20 9:47:45|Information|ClassIsland.Services.SettingsService|写入配置文件：LastWeatherInfo
2024/10/20 9:47:45|Information|ClassIsland.Services.SettingsService|写入配置文件：ClassIsland.MainWindow 的 SaveSettings()
2024/10/20 9:47:45|Information|ClassIsland.Services.MemoryWatchDogService|当前内存使用: 364027904
2024/10/20 9:48:45|Information|ClassIsland.Services.MemoryWatchDogService|当前内存使用: 365174784
2024/10/20 9:49:45|Information|ClassIsland.Services.MemoryWatchDogService|当前内存使用: 366481408
2024/10/20 9:50:45|Information|ClassIsland.Services.MemoryWatchDogService|当前内存使用: 364658688
2024/10/20 9:51:45|Information|ClassIsland.Services.MemoryWatchDogService|当前内存使用: 364396544
2024/10/20 9:52:45|Information|ClassIsland.Services.WeatherService|获取天气信息： https://weatherapi.market.xiaomi.com/wtr-v3/weather/all?latitude=110&longitude=112&locationKey=weathercn%3A101210101&days=15&appKey=weather20151024&sign=zUFJoAR2ZVrDy1vF3D07&isGlobal=false&locale=zh_cn
2024/10/20 9:52:45|Information|ClassIsland.Services.SettingsService|写入配置文件：LastWeatherInfo
2024/10/20 9:52:45|Information|ClassIsland.Services.SettingsService|写入配置文件：ClassIsland.MainWindow 的 SaveSettings()
2024/10/20 9:52:45|Information|ClassIsland.Services.MemoryWatchDogService|当前内存使用: 367001600
2024/10/20 9:53:45|Information|ClassIsland.Services.MemoryWatchDogService|当前内存使用: 365654016
2024/10/20 9:54:45|Information|ClassIsland.Services.MemoryWatchDogService|当前内存使用: 364953600
2024/10/20 9:55:45|Information|ClassIsland.Services.MemoryWatchDogService|当前内存使用: 365162496
2024/10/20 9:56:45|Information|ClassIsland.Services.MemoryWatchDogService|当前内存使用: 364961792
2024/10/20 9:57:45|Information|ClassIsland.Services.WeatherService|获取天气信息： https://weatherapi.market.xiaomi.com/wtr-v3/weather/all?latitude=110&longitude=112&locationKey=weathercn%3A101210101&days=15&appKey=weather20151024&sign=zUFJoAR2ZVrDy1vF3D07&isGlobal=false&locale=zh_cn
2024/10/20 9:57:45|Information|ClassIsland.Services.ExactTimeService|正在从 ntp.aliyun.com 同步时间
2024/10/20 9:57:45|Information|ClassIsland.Services.ExactTimeService|成功地同步了时间，现在是 10/20/2024 09:57:45
2024/10/20 9:57:45|Information|ClassIsland.Services.SettingsService|写入配置文件：LastWeatherInfo
2024/10/20 9:57:45|Information|ClassIsland.Services.SettingsService|写入配置文件：ClassIsland.MainWindow 的 SaveSettings()
2024/10/20 9:57:45|Information|ClassIsland.Services.MemoryWatchDogService|当前内存使用: 365834240
2024/10/20 9:58:45|Information|ClassIsland.Services.MemoryWatchDogService|当前内存使用: 366231552
2024/10/20 9:59:45|Information|ClassIsland.Services.MemoryWatchDogService|当前内存使用: 365318144
2024/10/20 10:00:45|Information|ClassIsland.Services.MemoryWatchDogService|当前内存使用: 365371392
2024/10/20 10:01:45|Information|ClassIsland.Services.MemoryWatchDogService|当前内存使用: 364961792
2024/10/20 10:02:45|Information|ClassIsland.Services.WeatherService|获取天气信息： https://weatherapi.market.xiaomi.com/wtr-v3/weather/all?latitude=110&longitude=112&locationKey=weathercn%3A101210101&days=15&appKey=weather20151024&sign=zUFJoAR2ZVrDy1vF3D07&isGlobal=false&locale=zh_cn
2024/10/20 10:02:45|Information|ClassIsland.Services.SettingsService|写入配置文件：LastWeatherInfo
2024/10/20 10:02:45|Information|ClassIsland.Services.SettingsService|写入配置文件：ClassIsland.MainWindow 的 SaveSettings()
2024/10/20 10:02:45|Information|ClassIsland.Services.MemoryWatchDogService|当前内存使用: 367902720
2024/10/20 10:03:45|Information|ClassIsland.Services.MemoryWatchDogService|当前内存使用: 367087616
2024/10/20 10:04:45|Information|ClassIsland.Services.MemoryWatchDogService|当前内存使用: 369344512
2024/10/20 10:05:45|Information|ClassIsland.Services.MemoryWatchDogService|当前内存使用: 369627136
2024/10/20 10:06:45|Information|ClassIsland.Services.MemoryWatchDogService|当前内存使用: 367276032
2024/10/20 10:07:45|Information|ClassIsland.Services.WeatherService|获取天气信息： https://weatherapi.market.xiaomi.com/wtr-v3/weather/all?latitude=110&longitude=112&locationKey=weathercn%3A101210101&days=15&appKey=weather20151024&sign=zUFJoAR2ZVrDy1vF3D07&isGlobal=false&locale=zh_cn
2024/10/20 10:07:45|Information|ClassIsland.Services.ExactTimeService|正在从 ntp.aliyun.com 同步时间
2024/10/20 10:07:45|Information|ClassIsland.Services.SettingsService|写入配置文件：LastWeatherInfo
2024/10/20 10:07:45|Information|ClassIsland.Services.SettingsService|写入配置文件：ClassIsland.MainWindow 的 SaveSettings()
2024/10/20 10:07:45|Information|ClassIsland.Services.ExactTimeService|成功地同步了时间，现在是 10/20/2024 10:07:45
2024/10/20 10:07:45|Information|ClassIsland.Services.MemoryWatchDogService|当前内存使用: 368259072
2024/10/20 10:08:45|Information|ClassIsland.Services.MemoryWatchDogService|当前内存使用: 369700864
2024/10/20 10:09:45|Information|ClassIsland.Services.MemoryWatchDogService|当前内存使用: 367333376
2024/10/20 10:10:45|Information|ClassIsland.Services.MemoryWatchDogService|当前内存使用: 367505408
2024/10/20 10:11:45|Information|ClassIsland.Services.MemoryWatchDogService|当前内存使用: 367222784
2024/10/20 10:12:45|Information|ClassIsland.Services.WeatherService|获取天气信息： https://weatherapi.market.xiaomi.com/wtr-v3/weather/all?latitude=110&longitude=112&locationKey=weathercn%3A101210101&days=15&appKey=weather20151024&sign=zUFJoAR2ZVrDy1vF3D07&isGlobal=false&locale=zh_cn
2024/10/20 10:12:45|Information|ClassIsland.Services.SettingsService|写入配置文件：LastWeatherInfo
2024/10/20 10:12:45|Information|ClassIsland.Services.SettingsService|写入配置文件：ClassIsland.MainWindow 的 SaveSettings()
2024/10/20 10:12:45|Information|ClassIsland.Services.MemoryWatchDogService|当前内存使用: 369561600
2024/10/20 10:13:45|Information|ClassIsland.Services.MemoryWatchDogService|当前内存使用: 367284224
2024/10/20 10:14:45|Information|ClassIsland.Services.MemoryWatchDogService|当前内存使用: 369967104
2024/10/20 10:15:45|Information|ClassIsland.Services.MemoryWatchDogService|当前内存使用: 370122752
2024/10/20 10:16:45|Information|ClassIsland.Services.MemoryWatchDogService|当前内存使用: 367464448
2024/10/20 10:17:00|Information|ClassIsland.Services.NotificationHostService|请求来源：08f0d9c3-c770-4093-a3d0-02f3d90c24bc
2024/10/20 10:17:00|Information|ClassIsland.MainWindow|处理通知请求：ClassIsland.Controls.NotificationProviders.ClassNotificationProviderControl ClassIsland.Controls.NotificationProviders.ClassNotificationProviderControl
2024/10/20 10:17:00|Information|ClassIsland.Views.TopmostEffectWindow|播放顶层特效：ClassIsland.Controls.NotificationEffects.RippleEffect
2024/10/20 10:17:00|Information|ClassIsland.Views.TopmostEffectWindow|结束播放并移除顶层特效：ClassIsland.Controls.NotificationEffects.RippleEffect
2024/10/20 10:17:45|Information|ClassIsland.Services.WeatherService|获取天气信息： https://weatherapi.market.xiaomi.com/wtr-v3/weather/all?latitude=110&longitude=112&locationKey=weathercn%3A101210101&days=15&appKey=weather20151024&sign=zUFJoAR2ZVrDy1vF3D07&isGlobal=false&locale=zh_cn
2024/10/20 10:17:45|Information|ClassIsland.Services.ExactTimeService|正在从 ntp.aliyun.com 同步时间
2024/10/20 10:17:45|Information|ClassIsland.Services.SettingsService|写入配置文件：LastWeatherInfo
2024/10/20 10:17:45|Information|ClassIsland.Services.ExactTimeService|成功地同步了时间，现在是 10/20/2024 10:17:45
2024/10/20 10:17:45|Information|ClassIsland.Services.SettingsService|写入配置文件：ClassIsland.MainWindow 的 SaveSettings()
2024/10/20 10:17:45|Information|ClassIsland.Services.MemoryWatchDogService|当前内存使用: 394330112
2024/10/20 10:18:00|Information|ClassIsland.Services.LessonsService|发出上课事件。
2024/10/20 10:18:00|Information|ClassIsland.Services.NotificationHostService|请求来源：08f0d9c3-c770-4093-a3d0-02f3d90c24bc
2024/10/20 10:18:00|Information|ClassIsland.MainWindow|处理通知请求：ClassIsland.Controls.NotificationProviders.ClassNotificationProviderControl (null)
2024/10/20 10:18:00|Information|ClassIsland.Views.TopmostEffectWindow|播放顶层特效：ClassIsland.Controls.NotificationEffects.RippleEffect
2024/10/20 10:18:00|Information|ClassIsland.Views.TopmostEffectWindow|结束播放并移除顶层特效：ClassIsland.Controls.NotificationEffects.RippleEffect
2024/10/20 10:18:45|Information|ClassIsland.Services.MemoryWatchDogService|当前内存使用: 395857920
2024/10/20 10:19:08|Information|ClassIsland.Services.SettingsService|写入配置文件：WindowLayer
2024/10/20 10:19:08|Information|ClassIsland.Services.SettingsService|写入配置文件：ClassIsland.MainWindow 的 SaveSettings()
2024/10/20 10:19:45|Information|ClassIsland.Services.MemoryWatchDogService|当前内存使用: 368893952
2024/10/20 10:20:20|Information|ClassIsland.Services.ProfileService|写入档案文件：./Profiles/Default.json
2024/10/20 10:20:45|Information|ClassIsland.Services.MemoryWatchDogService|当前内存使用: 392945664
2024/10/20 10:21:45|Information|ClassIsland.Services.MemoryWatchDogService|当前内存使用: 397877248
2024/10/20 10:22:06|Information|ClassIsland.Services.ProfileService|写入档案文件：./Profiles/Default.json
2024/10/20 10:22:13|Information|ClassIsland.Services.ProfileService|写入档案文件：./Profiles/Default.json
2024/10/20 10:22:14|Information|ClassIsland.Services.SettingsService|写入配置文件：ClassIsland.Views.SettingsWindowNew关闭
2024/10/20 10:22:20|Information|Microsoft.Hosting.Lifetime|Application is shutting down...
2024/10/20 10:22:20|Information|ClassIsland.Services.SettingsService|写入配置文件：停止当前应用程序。
2024/10/20 10:22:20|Information|ClassIsland.Services.ProfileService|写入档案文件：./Profiles/Default.json
2024/10/20 10:22:20|Information|ClassIsland.App|App stopping.
2024/10/20 10:22:20|Information|ClassIsland.Services.SettingsService|写入配置文件：停止当前应用程序。
2024/10/20 10:22:20|Information|ClassIsland.Services.ProfileService|写入档案文件：./Profiles/Default.json
2024/10/20 10:22:20|Information|ClassIsland.Services.ProfileService|写入档案文件：./Profiles/Default.json
2024/10/20 10:22:20|Information|ClassIsland.Services.SettingsService|写入配置文件：ClassIsland.Views.SettingsWindowNew关闭
